
**** Clean-only build of configuration Debug for project damnlib ****

"C:\\ti\\ccsv7\\utils\\bin\\gmake" clean 
DEL /F  "libdamnlib.a" 
DEL /F "damn_pubsub.o" "i2c\damn_i2c_internals.o" "i2c\i2c_msp432.o" "i2c\msp432_i2cmaster_int.o" "i2c\msp432_i2cslave_int.o" "utils\messaging.o" "utils\ringbuf.o" 
DEL /F "damn_pubsub.d" "i2c\damn_i2c_internals.d" "i2c\i2c_msp432.d" "i2c\msp432_i2cmaster_int.d" "i2c\msp432_i2cslave_int.d" "utils\messaging.d" "utils\ringbuf.d" 
'Finished clean'
' '

**** Build Finished ****

**** Build of configuration Debug for project freertos_builds_MSP_EXP432P401R_release_gcc ****

"C:\\ti\\ccsv7\\utils\\bin\\gmake" -k -j 8 all -O 
gmake: Nothing to be done for 'all'.

**** Build Finished ****

**** Build of configuration Debug for project damnlib ****

"C:\\ti\\ccsv7\\utils\\bin\\gmake" all 
'Building file: ../damn_pubsub.c'
'Invoking: GNU Compiler'
"C:/ti/ccsv7/tools/compiler/gcc-arm-none-eabi-6-2017-q1-update/bin/arm-none-eabi-gcc.exe" -c -mcpu=cortex-m4 -march=armv7e-m -mthumb -mfloat-abi=hard -mfpu=fpv4-sp-d16 -DFREERTOS -DNOAPPLICATION -D__MSP432P401R__ -Dgcc -I"C:/FreeRTOSv10.0.0/FreeRTOS/Source/include" -I"C:/FreeRTOSv10.0.0/FreeRTOS/Source/portable/GCC/ARM_CM4F" -I"C:/ti/simplelink_msp432p4_sdk_1_60_00_12/source" -I"C:/ti/simplelink_msp432p4_sdk_1_60_00_12/source/third_party/CMSIS/Include" -I"C:/ti/simplelink_msp432p4_sdk_1_60_00_12/source/ti/posix/gcc" -I"C:/ti/ccsv7/tools/compiler/gcc-arm-none-eabi-6-2017-q1-update/arm-none-eabi/include" -I"C:/ti/ccsv7/tools/compiler/gcc-arm-none-eabi-6-2017-q1-update/arm-none-eabi/include/newlib-nano" -I"C:/Users/Andrew/Git/eece_capstone_experimental/eece-capstone/freertos_builds_MSP_EXP432P401R_release_gcc" -I"C:/Users/Andrew/Git/eece_capstone_experimental/eece-capstone/damnlib" -I"C:/Users/Andrew/Git/eece_capstone_experimental/eece-capstone/damnlib/inc" -g -gdwarf-3 -gstrict-dwarf -Wall -MMD -MP -MF"damn_pubsub.d" -MT"damn_pubsub.o" -o"damn_pubsub.o"  "../damn_pubsub.c"
'Finished building: ../damn_pubsub.c'
' '
'Building file: ../i2c/damn_i2c_internals.c'
'Invoking: GNU Compiler'
"C:/ti/ccsv7/tools/compiler/gcc-arm-none-eabi-6-2017-q1-update/bin/arm-none-eabi-gcc.exe" -c -mcpu=cortex-m4 -march=armv7e-m -mthumb -mfloat-abi=hard -mfpu=fpv4-sp-d16 -DFREERTOS -DNOAPPLICATION -D__MSP432P401R__ -Dgcc -I"C:/FreeRTOSv10.0.0/FreeRTOS/Source/include" -I"C:/FreeRTOSv10.0.0/FreeRTOS/Source/portable/GCC/ARM_CM4F" -I"C:/ti/simplelink_msp432p4_sdk_1_60_00_12/source" -I"C:/ti/simplelink_msp432p4_sdk_1_60_00_12/source/third_party/CMSIS/Include" -I"C:/ti/simplelink_msp432p4_sdk_1_60_00_12/source/ti/posix/gcc" -I"C:/ti/ccsv7/tools/compiler/gcc-arm-none-eabi-6-2017-q1-update/arm-none-eabi/include" -I"C:/ti/ccsv7/tools/compiler/gcc-arm-none-eabi-6-2017-q1-update/arm-none-eabi/include/newlib-nano" -I"C:/Users/Andrew/Git/eece_capstone_experimental/eece-capstone/freertos_builds_MSP_EXP432P401R_release_gcc" -I"C:/Users/Andrew/Git/eece_capstone_experimental/eece-capstone/damnlib" -I"C:/Users/Andrew/Git/eece_capstone_experimental/eece-capstone/damnlib/inc" -g -gdwarf-3 -gstrict-dwarf -Wall -MMD -MP -MF"i2c/damn_i2c_internals.d" -MT"i2c/damn_i2c_internals.o" -o"i2c/damn_i2c_internals.o"  "../i2c/damn_i2c_internals.c"
'Finished building: ../i2c/damn_i2c_internals.c'
' '
'Building file: ../i2c/i2c_msp432.c'
'Invoking: GNU Compiler'
"C:/ti/ccsv7/tools/compiler/gcc-arm-none-eabi-6-2017-q1-update/bin/arm-none-eabi-gcc.exe" -c -mcpu=cortex-m4 -march=armv7e-m -mthumb -mfloat-abi=hard -mfpu=fpv4-sp-d16 -DFREERTOS -DNOAPPLICATION -D__MSP432P401R__ -Dgcc -I"C:/FreeRTOSv10.0.0/FreeRTOS/Source/include" -I"C:/FreeRTOSv10.0.0/FreeRTOS/Source/portable/GCC/ARM_CM4F" -I"C:/ti/simplelink_msp432p4_sdk_1_60_00_12/source" -I"C:/ti/simplelink_msp432p4_sdk_1_60_00_12/source/third_party/CMSIS/Include" -I"C:/ti/simplelink_msp432p4_sdk_1_60_00_12/source/ti/posix/gcc" -I"C:/ti/ccsv7/tools/compiler/gcc-arm-none-eabi-6-2017-q1-update/arm-none-eabi/include" -I"C:/ti/ccsv7/tools/compiler/gcc-arm-none-eabi-6-2017-q1-update/arm-none-eabi/include/newlib-nano" -I"C:/Users/Andrew/Git/eece_capstone_experimental/eece-capstone/freertos_builds_MSP_EXP432P401R_release_gcc" -I"C:/Users/Andrew/Git/eece_capstone_experimental/eece-capstone/damnlib" -I"C:/Users/Andrew/Git/eece_capstone_experimental/eece-capstone/damnlib/inc" -g -gdwarf-3 -gstrict-dwarf -Wall -MMD -MP -MF"i2c/i2c_msp432.d" -MT"i2c/i2c_msp432.o" -o"i2c/i2c_msp432.o"  "../i2c/i2c_msp432.c"
'Finished building: ../i2c/i2c_msp432.c'
' '
'Building file: ../i2c/msp432_i2cmaster_int.c'
'Invoking: GNU Compiler'
"C:/ti/ccsv7/tools/compiler/gcc-arm-none-eabi-6-2017-q1-update/bin/arm-none-eabi-gcc.exe" -c -mcpu=cortex-m4 -march=armv7e-m -mthumb -mfloat-abi=hard -mfpu=fpv4-sp-d16 -DFREERTOS -DNOAPPLICATION -D__MSP432P401R__ -Dgcc -I"C:/FreeRTOSv10.0.0/FreeRTOS/Source/include" -I"C:/FreeRTOSv10.0.0/FreeRTOS/Source/portable/GCC/ARM_CM4F" -I"C:/ti/simplelink_msp432p4_sdk_1_60_00_12/source" -I"C:/ti/simplelink_msp432p4_sdk_1_60_00_12/source/third_party/CMSIS/Include" -I"C:/ti/simplelink_msp432p4_sdk_1_60_00_12/source/ti/posix/gcc" -I"C:/ti/ccsv7/tools/compiler/gcc-arm-none-eabi-6-2017-q1-update/arm-none-eabi/include" -I"C:/ti/ccsv7/tools/compiler/gcc-arm-none-eabi-6-2017-q1-update/arm-none-eabi/include/newlib-nano" -I"C:/Users/Andrew/Git/eece_capstone_experimental/eece-capstone/freertos_builds_MSP_EXP432P401R_release_gcc" -I"C:/Users/Andrew/Git/eece_capstone_experimental/eece-capstone/damnlib" -I"C:/Users/Andrew/Git/eece_capstone_experimental/eece-capstone/damnlib/inc" -g -gdwarf-3 -gstrict-dwarf -Wall -MMD -MP -MF"i2c/msp432_i2cmaster_int.d" -MT"i2c/msp432_i2cmaster_int.o" -o"i2c/msp432_i2cmaster_int.o"  "../i2c/msp432_i2cmaster_int.c"
'Finished building: ../i2c/msp432_i2cmaster_int.c'
' '
'Building file: ../i2c/msp432_i2cslave_int.c'
'Invoking: GNU Compiler'
"C:/ti/ccsv7/tools/compiler/gcc-arm-none-eabi-6-2017-q1-update/bin/arm-none-eabi-gcc.exe" -c -mcpu=cortex-m4 -march=armv7e-m -mthumb -mfloat-abi=hard -mfpu=fpv4-sp-d16 -DFREERTOS -DNOAPPLICATION -D__MSP432P401R__ -Dgcc -I"C:/FreeRTOSv10.0.0/FreeRTOS/Source/include" -I"C:/FreeRTOSv10.0.0/FreeRTOS/Source/portable/GCC/ARM_CM4F" -I"C:/ti/simplelink_msp432p4_sdk_1_60_00_12/source" -I"C:/ti/simplelink_msp432p4_sdk_1_60_00_12/source/third_party/CMSIS/Include" -I"C:/ti/simplelink_msp432p4_sdk_1_60_00_12/source/ti/posix/gcc" -I"C:/ti/ccsv7/tools/compiler/gcc-arm-none-eabi-6-2017-q1-update/arm-none-eabi/include" -I"C:/ti/ccsv7/tools/compiler/gcc-arm-none-eabi-6-2017-q1-update/arm-none-eabi/include/newlib-nano" -I"C:/Users/Andrew/Git/eece_capstone_experimental/eece-capstone/freertos_builds_MSP_EXP432P401R_release_gcc" -I"C:/Users/Andrew/Git/eece_capstone_experimental/eece-capstone/damnlib" -I"C:/Users/Andrew/Git/eece_capstone_experimental/eece-capstone/damnlib/inc" -g -gdwarf-3 -gstrict-dwarf -Wall -MMD -MP -MF"i2c/msp432_i2cslave_int.d" -MT"i2c/msp432_i2cslave_int.o" -o"i2c/msp432_i2cslave_int.o"  "../i2c/msp432_i2cslave_int.c"
'Finished building: ../i2c/msp432_i2cslave_int.c'
' '
'Building file: ../utils/messaging.c'
'Invoking: GNU Compiler'
"C:/ti/ccsv7/tools/compiler/gcc-arm-none-eabi-6-2017-q1-update/bin/arm-none-eabi-gcc.exe" -c -mcpu=cortex-m4 -march=armv7e-m -mthumb -mfloat-abi=hard -mfpu=fpv4-sp-d16 -DFREERTOS -DNOAPPLICATION -D__MSP432P401R__ -Dgcc -I"C:/FreeRTOSv10.0.0/FreeRTOS/Source/include" -I"C:/FreeRTOSv10.0.0/FreeRTOS/Source/portable/GCC/ARM_CM4F" -I"C:/ti/simplelink_msp432p4_sdk_1_60_00_12/source" -I"C:/ti/simplelink_msp432p4_sdk_1_60_00_12/source/third_party/CMSIS/Include" -I"C:/ti/simplelink_msp432p4_sdk_1_60_00_12/source/ti/posix/gcc" -I"C:/ti/ccsv7/tools/compiler/gcc-arm-none-eabi-6-2017-q1-update/arm-none-eabi/include" -I"C:/ti/ccsv7/tools/compiler/gcc-arm-none-eabi-6-2017-q1-update/arm-none-eabi/include/newlib-nano" -I"C:/Users/Andrew/Git/eece_capstone_experimental/eece-capstone/freertos_builds_MSP_EXP432P401R_release_gcc" -I"C:/Users/Andrew/Git/eece_capstone_experimental/eece-capstone/damnlib" -I"C:/Users/Andrew/Git/eece_capstone_experimental/eece-capstone/damnlib/inc" -g -gdwarf-3 -gstrict-dwarf -Wall -MMD -MP -MF"utils/messaging.d" -MT"utils/messaging.o" -o"utils/messaging.o"  "../utils/messaging.c"
'Finished building: ../utils/messaging.c'
' '
'Building file: ../utils/ringbuf.c'
'Invoking: GNU Compiler'
"C:/ti/ccsv7/tools/compiler/gcc-arm-none-eabi-6-2017-q1-update/bin/arm-none-eabi-gcc.exe" -c -mcpu=cortex-m4 -march=armv7e-m -mthumb -mfloat-abi=hard -mfpu=fpv4-sp-d16 -DFREERTOS -DNOAPPLICATION -D__MSP432P401R__ -Dgcc -I"C:/FreeRTOSv10.0.0/FreeRTOS/Source/include" -I"C:/FreeRTOSv10.0.0/FreeRTOS/Source/portable/GCC/ARM_CM4F" -I"C:/ti/simplelink_msp432p4_sdk_1_60_00_12/source" -I"C:/ti/simplelink_msp432p4_sdk_1_60_00_12/source/third_party/CMSIS/Include" -I"C:/ti/simplelink_msp432p4_sdk_1_60_00_12/source/ti/posix/gcc" -I"C:/ti/ccsv7/tools/compiler/gcc-arm-none-eabi-6-2017-q1-update/arm-none-eabi/include" -I"C:/ti/ccsv7/tools/compiler/gcc-arm-none-eabi-6-2017-q1-update/arm-none-eabi/include/newlib-nano" -I"C:/Users/Andrew/Git/eece_capstone_experimental/eece-capstone/freertos_builds_MSP_EXP432P401R_release_gcc" -I"C:/Users/Andrew/Git/eece_capstone_experimental/eece-capstone/damnlib" -I"C:/Users/Andrew/Git/eece_capstone_experimental/eece-capstone/damnlib/inc" -g -gdwarf-3 -gstrict-dwarf -Wall -MMD -MP -MF"utils/ringbuf.d" -MT"utils/ringbuf.o" -o"utils/ringbuf.o"  "../utils/ringbuf.c"
'Finished building: ../utils/ringbuf.c'
' '
'Building target: libdamnlib.a'
'Invoking: GNU Librarian'
"C:/ti/ccsv7/tools/compiler/gcc-arm-none-eabi-6-2017-q1-update/bin/arm-none-eabi-ar.exe" -r "libdamnlib.a" "./damn_pubsub.o" "./i2c/damn_i2c_internals.o" "./i2c/i2c_msp432.o" "./i2c/msp432_i2cmaster_int.o" "./i2c/msp432_i2cslave_int.o" "./utils/messaging.o" "./utils/ringbuf.o" 
C:/ti/ccsv7/tools/compiler/gcc-arm-none-eabi-6-2017-q1-update/bin/arm-none-eabi-ar.exe: creating libdamnlib.a
'Finished building target: libdamnlib.a'
' '

**** Build Finished ****
